<?xml version="1.0" encoding="UTF-8"?>
<!-- Generated by org.testng.reporters.JUnitReportReporter -->
<testsuite hostname="DESKTOP-IRUI47D" failures="0" tests="2" name="pac2.createcampaignTest" time="0.002" errors="0" timestamp="19 Mar 2025 10:03:55 GMT" skipped="0">
  <testcase classname="pac2.createcampaignTest" name="createcamapaignTest" time="0.001"/>
  <testcase classname="pac2.createcampaignTest" name="modifycampaignTest" time="0.001"/>
</testsuite> <!-- pac2.createcampaignTest -->
