<?xml version="1.0" encoding="UTF-8"?>
<!-- Generated by org.testng.reporters.JUnitReportReporter -->
<testsuite hostname="DESKTOP-IRUI47D" failures="0" tests="2" name="pac1.createContactTest" time="0.011" errors="0" timestamp="19 Mar 2025 10:03:55 GMT" skipped="0">
  <testcase classname="pac1.createContactTest" name="modifycontactTest" time="0.001"/>
  <testcase classname="pac1.createContactTest" name="createcontactTest" time="0.010"/>
</testsuite> <!-- pac1.createContactTest -->
